[debug] [2021-05-20T00:56:34.984Z] ----------------------------------------------------------------------
[debug] [2021-05-20T00:56:34.985Z] Command:       /usr/local/bin/node /usr/local/bin/firebase emulators:start --only functions
[debug] [2021-05-20T00:56:34.985Z] CLI Version:   9.11.0
[debug] [2021-05-20T00:56:34.986Z] Platform:      darwin
[debug] [2021-05-20T00:56:34.986Z] Node Version:  v14.15.2
[debug] [2021-05-20T00:56:34.986Z] Time:          Wed May 19 2021 19:56:34 GMT-0500 (Colombia Standard Time)
[debug] [2021-05-20T00:56:34.987Z] ----------------------------------------------------------------------
[debug] 
[debug] [2021-05-20T00:56:34.994Z] > command requires scopes: ["email","openid","https://www.googleapis.com/auth/cloudplatformprojects.readonly","https://www.googleapis.com/auth/firebase","https://www.googleapis.com/auth/cloud-platform"]
[debug] [2021-05-20T00:56:34.994Z] > authorizing via signed-in user (tavobajares@gmail.com)
[info] i  emulators: Starting emulators: functions {"metadata":{"emulator":{"name":"hub"},"message":"Starting emulators: functions"}}
[debug] [2021-05-20T00:56:35.012Z] [hub] writing locator at /var/folders/9h/4lxkcwwx3n75g595l5xn1jy00000gp/T/hub-rachelableapp.json
[warn] ⚠  functions: The following emulators are not running, calls to these services from the Functions emulator will affect production: auth, firestore, database, hosting, pubsub, storage {"metadata":{"emulator":{"name":"functions"},"message":"The following emulators are not running, calls to these services from the Functions emulator will affect production: \u001b[1mauth, firestore, database, hosting, pubsub, storage\u001b[22m"}}
[warn] ⚠  Your requested "node" version "12" doesn't match your global version "14" {"metadata":{"emulator":{"name":"functions"},"message":"Your requested \"node\" version \"12\" doesn't match your global version \"14\""}}
[debug] [2021-05-20T00:56:35.048Z] defaultcredentials: writing to file /Users/gustavo.santamaria/.config/firebase/tavobajares_gmail_com_application_default_credentials.json
[debug] [2021-05-20T00:56:35.050Z] Setting GAC to /Users/gustavo.santamaria/.config/firebase/tavobajares_gmail_com_application_default_credentials.json {"metadata":{"emulator":{"name":"functions"},"message":"Setting GAC to /Users/gustavo.santamaria/.config/firebase/tavobajares_gmail_com_application_default_credentials.json"}}
[debug] [2021-05-20T00:56:35.052Z] > refreshing access token with scopes: []
[debug] [2021-05-20T00:56:35.053Z] >>> HTTP REQUEST POST https://www.googleapis.com/oauth2/v3/token  
 <request body omitted>
[debug] [2021-05-20T00:56:35.223Z] <<< HTTP RESPONSE 200 {"date":"Thu, 20 May 2021 00:56:35 GMT","expires":"Mon, 01 Jan 1990 00:00:00 GMT","cache-control":"no-cache, no-store, max-age=0, must-revalidate","pragma":"no-cache","content-type":"application/json; charset=utf-8","vary":"X-Origin, Referer, Origin,Accept-Encoding","server":"scaffolding on HTTPServer2","x-xss-protection":"0","x-frame-options":"SAMEORIGIN","x-content-type-options":"nosniff","alt-svc":"h3-29=\":443\"; ma=2592000,h3-T051=\":443\"; ma=2592000,h3-Q050=\":443\"; ma=2592000,h3-Q046=\":443\"; ma=2592000,h3-Q043=\":443\"; ma=2592000,quic=\":443\"; ma=2592000; v=\"46,43\"","accept-ranges":"none","transfer-encoding":"chunked"}
[debug] [2021-05-20T00:56:35.283Z] >>> [apiv2][query] GET https://firebase.googleapis.com/v1beta1/projects/rachelableapp/adminSdkConfig [none]
[debug] [2021-05-20T00:56:35.653Z] <<< [apiv2][status] GET https://firebase.googleapis.com/v1beta1/projects/rachelableapp/adminSdkConfig 200
[debug] [2021-05-20T00:56:35.653Z] <<< [apiv2][body] GET https://firebase.googleapis.com/v1beta1/projects/rachelableapp/adminSdkConfig {"projectId":"rachelableapp","databaseURL":"https://rachelableapp.firebaseio.com","storageBucket":"rachelableapp.appspot.com","locationId":"us-central"}
[debug] [2021-05-20T00:56:35.692Z] Ignoring unsupported arg: auto_download {"metadata":{"emulator":{"name":"ui"},"message":"Ignoring unsupported arg: auto_download"}}
[debug] [2021-05-20T00:56:35.692Z] Ignoring unsupported arg: port {"metadata":{"emulator":{"name":"ui"},"message":"Ignoring unsupported arg: port"}}
[debug] [2021-05-20T00:56:35.692Z] Starting Emulator UI with command {"binary":"node","args":["/Users/gustavo.santamaria/.cache/firebase/emulators/ui-v1.5.0/server.bundle.js"],"optionalArgs":[],"joinArgs":false} {"metadata":{"emulator":{"name":"ui"},"message":"Starting Emulator UI with command {\"binary\":\"node\",\"args\":[\"/Users/gustavo.santamaria/.cache/firebase/emulators/ui-v1.5.0/server.bundle.js\"],\"optionalArgs\":[],\"joinArgs\":false}"}}
[info] i  ui: Emulator UI logging to ui-debug.log {"metadata":{"emulator":{"name":"ui"},"message":"Emulator UI logging to \u001b[1mui-debug.log\u001b[22m"}}
[debug] [2021-05-20T00:56:35.791Z] Web / API server started at http://localhost:4000
 {"metadata":{"emulator":{"name":"ui"},"message":"Web / API server started at http://localhost:4000\n"}}
[info] i  functions: Watching "/Users/gustavo.santamaria/Projects/rachelable/functions" for Cloud Functions... {"metadata":{"emulator":{"name":"functions"},"message":"Watching \"/Users/gustavo.santamaria/Projects/rachelable/functions\" for Cloud Functions..."}}
[debug] [2021-05-20T00:56:35.968Z] [worker-pool] addWorker(~diagnostic~) {"metadata":{"emulator":{"name":"functions"},"message":"[worker-pool] addWorker(~diagnostic~)"}}
[debug] [2021-05-20T00:56:35.969Z] [worker-pool] Adding worker with key ~diagnostic~, total=1 {"metadata":{"emulator":{"name":"functions"},"message":"[worker-pool] Adding worker with key ~diagnostic~, total=1"}}
[debug] [2021-05-20T00:56:35.969Z] [worker-pool] submitWork(triggerId=) {"metadata":{"emulator":{"name":"functions"},"message":"[worker-pool] submitWork(triggerId=)"}}
[debug] [2021-05-20T00:56:35.969Z] [worker-~diagnostic~-f58955fb-86bc-4375-a908-cf5b085b6a1f]: Assigning socketPath: /var/folders/9h/4lxkcwwx3n75g595l5xn1jy00000gp/T/fire_emu_49412.sock {"metadata":{"emulator":{"name":"functions"},"message":"[worker-~diagnostic~-f58955fb-86bc-4375-a908-cf5b085b6a1f]: Assigning socketPath: /var/folders/9h/4lxkcwwx3n75g595l5xn1jy00000gp/T/fire_emu_49412.sock"}}
[debug] [2021-05-20T00:56:35.970Z] [worker-~diagnostic~-f58955fb-86bc-4375-a908-cf5b085b6a1f]: BUSY {"metadata":{"emulator":{"name":"functions"},"message":"[worker-~diagnostic~-f58955fb-86bc-4375-a908-cf5b085b6a1f]: BUSY"}}
[debug] [2021-05-20T00:56:36.110Z] [runtime-status] [49412] Functions runtime initialized. {"cwd":"/Users/gustavo.santamaria/Projects/rachelable/functions","node_version":"14.15.2"} {"metadata":{"emulator":{"name":"functions"},"message":"[runtime-status] [49412] Functions runtime initialized. {\"cwd\":\"/Users/gustavo.santamaria/Projects/rachelable/functions\",\"node_version\":\"14.15.2\"}"}}
[debug] [2021-05-20T00:56:36.111Z] [runtime-status] [49412] Disabled runtime features: undefined {"metadata":{"emulator":{"name":"functions"},"message":"[runtime-status] [49412] Disabled runtime features: undefined"}}
[debug] [2021-05-20T00:56:36.113Z] [runtime-status] [49412] Resolved module firebase-admin {"declared":true,"installed":true,"version":"9.8.0","resolution":"/Users/gustavo.santamaria/Projects/rachelable/functions/node_modules/firebase-admin/lib/index.js"} {"metadata":{"emulator":{"name":"functions"},"message":"[runtime-status] [49412] Resolved module firebase-admin {\"declared\":true,\"installed\":true,\"version\":\"9.8.0\",\"resolution\":\"/Users/gustavo.santamaria/Projects/rachelable/functions/node_modules/firebase-admin/lib/index.js\"}"}}
[debug] [2021-05-20T00:56:36.114Z] [runtime-status] [49412] Resolved module firebase-functions {"declared":true,"installed":true,"version":"3.14.1","resolution":"/Users/gustavo.santamaria/Projects/rachelable/functions/node_modules/firebase-functions/lib/index.js"} {"metadata":{"emulator":{"name":"functions"},"message":"[runtime-status] [49412] Resolved module firebase-functions {\"declared\":true,\"installed\":true,\"version\":\"3.14.1\",\"resolution\":\"/Users/gustavo.santamaria/Projects/rachelable/functions/node_modules/firebase-functions/lib/index.js\"}"}}
[debug] [2021-05-20T00:56:36.116Z] [runtime-status] [49412] Resolved module firebase-functions {"declared":true,"installed":true,"version":"3.14.1","resolution":"/Users/gustavo.santamaria/Projects/rachelable/functions/node_modules/firebase-functions/lib/index.js"} {"metadata":{"emulator":{"name":"functions"},"message":"[runtime-status] [49412] Resolved module firebase-functions {\"declared\":true,\"installed\":true,\"version\":\"3.14.1\",\"resolution\":\"/Users/gustavo.santamaria/Projects/rachelable/functions/node_modules/firebase-functions/lib/index.js\"}"}}
[debug] [2021-05-20T00:56:36.118Z] [runtime-status] [49412] Outgoing network have been stubbed. [{"name":"http","status":"mocked"},{"name":"http","status":"mocked"},{"name":"https","status":"mocked"},{"name":"https","status":"mocked"},{"name":"net","status":"mocked"}] {"metadata":{"emulator":{"name":"functions"},"message":"[runtime-status] [49412] Outgoing network have been stubbed. [{\"name\":\"http\",\"status\":\"mocked\"},{\"name\":\"http\",\"status\":\"mocked\"},{\"name\":\"https\",\"status\":\"mocked\"},{\"name\":\"https\",\"status\":\"mocked\"},{\"name\":\"net\",\"status\":\"mocked\"}]"}}
[debug] [2021-05-20T00:56:36.118Z] [runtime-status] [49412] Resolved module firebase-functions {"declared":true,"installed":true,"version":"3.14.1","resolution":"/Users/gustavo.santamaria/Projects/rachelable/functions/node_modules/firebase-functions/lib/index.js"} {"metadata":{"emulator":{"name":"functions"},"message":"[runtime-status] [49412] Resolved module firebase-functions {\"declared\":true,\"installed\":true,\"version\":\"3.14.1\",\"resolution\":\"/Users/gustavo.santamaria/Projects/rachelable/functions/node_modules/firebase-functions/lib/index.js\"}"}}
[debug] [2021-05-20T00:56:36.173Z] [runtime-status] [49412] Checked functions.config() {"config":{}} {"metadata":{"emulator":{"name":"functions"},"message":"[runtime-status] [49412] Checked functions.config() {\"config\":{}}"}}
[debug] [2021-05-20T00:56:36.173Z] [runtime-status] [49412] firebase-functions has been stubbed. {"functionsResolution":{"declared":true,"installed":true,"version":"3.14.1","resolution":"/Users/gustavo.santamaria/Projects/rachelable/functions/node_modules/firebase-functions/lib/index.js"}} {"metadata":{"emulator":{"name":"functions"},"message":"[runtime-status] [49412] firebase-functions has been stubbed. {\"functionsResolution\":{\"declared\":true,\"installed\":true,\"version\":\"3.14.1\",\"resolution\":\"/Users/gustavo.santamaria/Projects/rachelable/functions/node_modules/firebase-functions/lib/index.js\"}}"}}
[debug] [2021-05-20T00:56:36.174Z] [runtime-status] [49412] Resolved module firebase-functions {"declared":true,"installed":true,"version":"3.14.1","resolution":"/Users/gustavo.santamaria/Projects/rachelable/functions/node_modules/firebase-functions/lib/index.js"} {"metadata":{"emulator":{"name":"functions"},"message":"[runtime-status] [49412] Resolved module firebase-functions {\"declared\":true,\"installed\":true,\"version\":\"3.14.1\",\"resolution\":\"/Users/gustavo.santamaria/Projects/rachelable/functions/node_modules/firebase-functions/lib/index.js\"}"}}
[debug] [2021-05-20T00:56:36.174Z] [runtime-status] [49412] Resolved module firebase-admin {"declared":true,"installed":true,"version":"9.8.0","resolution":"/Users/gustavo.santamaria/Projects/rachelable/functions/node_modules/firebase-admin/lib/index.js"} {"metadata":{"emulator":{"name":"functions"},"message":"[runtime-status] [49412] Resolved module firebase-admin {\"declared\":true,\"installed\":true,\"version\":\"9.8.0\",\"resolution\":\"/Users/gustavo.santamaria/Projects/rachelable/functions/node_modules/firebase-admin/lib/index.js\"}"}}
[debug] [2021-05-20T00:56:36.175Z] [runtime-status] [49412] Resolved module firebase-functions {"declared":true,"installed":true,"version":"3.14.1","resolution":"/Users/gustavo.santamaria/Projects/rachelable/functions/node_modules/firebase-functions/lib/index.js"} {"metadata":{"emulator":{"name":"functions"},"message":"[runtime-status] [49412] Resolved module firebase-functions {\"declared\":true,\"installed\":true,\"version\":\"3.14.1\",\"resolution\":\"/Users/gustavo.santamaria/Projects/rachelable/functions/node_modules/firebase-functions/lib/index.js\"}"}}
[debug] [2021-05-20T00:56:36.175Z] [runtime-status] [49412] firebase-admin has been stubbed. {"adminResolution":{"declared":true,"installed":true,"version":"9.8.0","resolution":"/Users/gustavo.santamaria/Projects/rachelable/functions/node_modules/firebase-admin/lib/index.js"}} {"metadata":{"emulator":{"name":"functions"},"message":"[runtime-status] [49412] firebase-admin has been stubbed. {\"adminResolution\":{\"declared\":true,\"installed\":true,\"version\":\"9.8.0\",\"resolution\":\"/Users/gustavo.santamaria/Projects/rachelable/functions/node_modules/firebase-admin/lib/index.js\"}}"}}
[debug] [2021-05-20T00:56:36.441Z] [runtime-status] [49412] initializeApp(DEFAULT) {"credential":{"implicit":false,"projectId":"rachelableapp","privateKey":"-----BEGIN PRIVATE KEY-----\nMIIEvAIBADANBgkqhkiG9w0BAQEFAASCBKYwggSiAgEAAoIBAQDVSeLh5snbAX7w\nbfOLn8k407s+77xxg45wftnQ7/xL6A3R/uJbQ5is33ZaOXnzaEPDdp7Xv8eq1OxQ\ny+IDdRYCVXOa6QYai3u2LXdH8nrzT4argvDGVbRcWZ9S+5/oDq+bpjz7FRP5M5gN\nAZNS4i4uXepx1dpjziWMdsg+20bCpNlzB+XTubT8Y2JzteIFpNKwc71Toaw5jv1+\nJQP4z3EaiRc+mLScx5pFHJXXepGc92WQqu59ihIC/p6HWqEq3f9pM3qqqM6fuF27\n4ZdntNK2qRj57UCbEyNqoEbbqaV6raneUvHj0bp3fpRi1ERx3T2I5LvueYcjjK7w\ndjor/etbAgMBAAECggEAA4fTEnPhtdcwVOYvs155lBARLT6xAFyx9WkWzZoYs4r2\nUO+8AHsTImgai0N1930A2NH0WX7qXQi5lrF2nsxdM7xatbQ+GR9jn1rg+sG9SPIb\n470++LwqHaM60MKrMsoCHHyjzXDbtp16MAZC0YrpQnQ53Bjdohb4pnrANXt8ut5m\n7+aGwnvEWOGpDVZ9M2bY8roV17zDQ8lCGvtO1FoRP5T4k/ufc13CXn3Xfq9Y8oyn\noqyPovwitAH1XMlrpVCMFFmH05cNysYpWaDdC83si6tPpbmwuo1v3eujCqbiEXE2\nSvoi/fdISOgY9CaFx3hP29KiFt2UOglZxOV9JHECDQKBgQD+yU2I6RmRpnB0vg8E\nv7KoEANXL1Sucn9mq4xbVSsZAIu0/sb2S1P6joe3CWxC7At0MrMV1bcjVpVH8AKF\n4RJRw/cnFHXw8eUh43hcmQIpfGoG58VlrDL1eCV6wHyQgfP96bGhBG7cY+pIjdE3\ncvmUgUzm5r6R4BpI2eOsmCwunQKBgQDWTfq1aDNP5q6gs5jQejRQ4J4zwytxMzah\nWIk1DK2GFSPFh4yn8R80hMdzve2r43nhjrDwepHB17cV1c/2JPn0nxL8/hkNx/OI\nqtsMoi7mrbbVutd5ptK1UN8E/PLweZ9sHg+5EsPqGzKiEF3hdXzQIaGveF8ZsfxW\nD9NSFlwkVwKBgGVt6in48i7jnZ08FGqFjjANv+azdvjDqChNXuD1NOUNLJDvZHGk\nZ1g16Z1aaPjzU1P84wJsRC4TR/aNe9OkWFCovPmX0aQMCHXHQqFKYGv3lZYOKq1h\nMiA6pmEJxA0bTvDkWcyKIUAnnpsnqgRzBxyxpNW/Qlp8Zrpd059gLSaZAoGASTzb\nCjXzG0JNuZPHDLBGwsEQr8XqScRjzh4QvfV4M9NzpyTc1+QacvtRomdtGwohdAks\nxPJOb72Fz0uDx635UjUu6xD3hPMpcjJZq+adOq5xRneU/fkaF2bs4KqFZ9NYvT1E\nyE32cEIdOq93Nf7Nyd9Ef1AWyBRAlTTRVkNX9/8CgYBhEzagVjCjApR0SIjELEMV\n6tm3tngsSJY9OW/GoOFqE449pcIclTpvn6B//4+HfeDMvY8YV6LS5ceQDJfh4kvL\nFdLfXs46fYHmjyECgiKuV+rIPCFTwRlFmjVTvT2jizWbXMqLjTowH6SHRFA7HRkJ\nEUD4pV7WNvHyguq3GHut5g==\n-----END PRIVATE KEY-----\n","clientEmail":"firebase-adminsdk-zpr6n@rachelableapp.iam.gserviceaccount.com","httpClient":{"retry":{"maxRetries":4,"statusCodes":[503],"ioErrorCodes":["ECONNRESET","ETIMEDOUT"],"backOffFactor":0.5,"maxDelayInMillis":60000}}},"databaseURL":"https://rachelableapp.firebaseio.com"} {"metadata":{"emulator":{"name":"functions"},"message":"[runtime-status] [49412] initializeApp(DEFAULT) {\"credential\":{\"implicit\":false,\"projectId\":\"rachelableapp\",\"privateKey\":\"-----BEGIN PRIVATE KEY-----\\nMIIEvAIBADANBgkqhkiG9w0BAQEFAASCBKYwggSiAgEAAoIBAQDVSeLh5snbAX7w\\nbfOLn8k407s+77xxg45wftnQ7/xL6A3R/uJbQ5is33ZaOXnzaEPDdp7Xv8eq1OxQ\\ny+IDdRYCVXOa6QYai3u2LXdH8nrzT4argvDGVbRcWZ9S+5/oDq+bpjz7FRP5M5gN\\nAZNS4i4uXepx1dpjziWMdsg+20bCpNlzB+XTubT8Y2JzteIFpNKwc71Toaw5jv1+\\nJQP4z3EaiRc+mLScx5pFHJXXepGc92WQqu59ihIC/p6HWqEq3f9pM3qqqM6fuF27\\n4ZdntNK2qRj57UCbEyNqoEbbqaV6raneUvHj0bp3fpRi1ERx3T2I5LvueYcjjK7w\\ndjor/etbAgMBAAECggEAA4fTEnPhtdcwVOYvs155lBARLT6xAFyx9WkWzZoYs4r2\\nUO+8AHsTImgai0N1930A2NH0WX7qXQi5lrF2nsxdM7xatbQ+GR9jn1rg+sG9SPIb\\n470++LwqHaM60MKrMsoCHHyjzXDbtp16MAZC0YrpQnQ53Bjdohb4pnrANXt8ut5m\\n7+aGwnvEWOGpDVZ9M2bY8roV17zDQ8lCGvtO1FoRP5T4k/ufc13CXn3Xfq9Y8oyn\\noqyPovwitAH1XMlrpVCMFFmH05cNysYpWaDdC83si6tPpbmwuo1v3eujCqbiEXE2\\nSvoi/fdISOgY9CaFx3hP29KiFt2UOglZxOV9JHECDQKBgQD+yU2I6RmRpnB0vg8E\\nv7KoEANXL1Sucn9mq4xbVSsZAIu0/sb2S1P6joe3CWxC7At0MrMV1bcjVpVH8AKF\\n4RJRw/cnFHXw8eUh43hcmQIpfGoG58VlrDL1eCV6wHyQgfP96bGhBG7cY+pIjdE3\\ncvmUgUzm5r6R4BpI2eOsmCwunQKBgQDWTfq1aDNP5q6gs5jQejRQ4J4zwytxMzah\\nWIk1DK2GFSPFh4yn8R80hMdzve2r43nhjrDwepHB17cV1c/2JPn0nxL8/hkNx/OI\\nqtsMoi7mrbbVutd5ptK1UN8E/PLweZ9sHg+5EsPqGzKiEF3hdXzQIaGveF8ZsfxW\\nD9NSFlwkVwKBgGVt6in48i7jnZ08FGqFjjANv+azdvjDqChNXuD1NOUNLJDvZHGk\\nZ1g16Z1aaPjzU1P84wJsRC4TR/aNe9OkWFCovPmX0aQMCHXHQqFKYGv3lZYOKq1h\\nMiA6pmEJxA0bTvDkWcyKIUAnnpsnqgRzBxyxpNW/Qlp8Zrpd059gLSaZAoGASTzb\\nCjXzG0JNuZPHDLBGwsEQr8XqScRjzh4QvfV4M9NzpyTc1+QacvtRomdtGwohdAks\\nxPJOb72Fz0uDx635UjUu6xD3hPMpcjJZq+adOq5xRneU/fkaF2bs4KqFZ9NYvT1E\\nyE32cEIdOq93Nf7Nyd9Ef1AWyBRAlTTRVkNX9/8CgYBhEzagVjCjApR0SIjELEMV\\n6tm3tngsSJY9OW/GoOFqE449pcIclTpvn6B//4+HfeDMvY8YV6LS5ceQDJfh4kvL\\nFdLfXs46fYHmjyECgiKuV+rIPCFTwRlFmjVTvT2jizWbXMqLjTowH6SHRFA7HRkJ\\nEUD4pV7WNvHyguq3GHut5g==\\n-----END PRIVATE KEY-----\\n\",\"clientEmail\":\"firebase-adminsdk-zpr6n@rachelableapp.iam.gserviceaccount.com\",\"httpClient\":{\"retry\":{\"maxRetries\":4,\"statusCodes\":[503],\"ioErrorCodes\":[\"ECONNRESET\",\"ETIMEDOUT\"],\"backOffFactor\":0.5,\"maxDelayInMillis\":60000}}},\"databaseURL\":\"https://rachelableapp.firebaseio.com\"}"}}
[warn] ⚠  functions: The Cloud Firestore emulator is not running, so calls to Firestore will affect production. {"metadata":{"emulator":{"name":"functions"},"message":"The Cloud Firestore emulator is not running, so calls to Firestore will affect production."}}
[info] ✔  functions[health]: http function initialized (http://localhost:5001/rachelableapp/us-central1/health). {"metadata":{"emulator":{"name":"functions"},"message":"\u001b[1mhttp\u001b[22m function initialized (http://localhost:5001/rachelableapp/us-central1/health)."}}
[info] ✔  functions[basicInfo]: http function initialized (http://localhost:5001/rachelableapp/us-central1/basicInfo). {"metadata":{"emulator":{"name":"functions"},"message":"\u001b[1mhttp\u001b[22m function initialized (http://localhost:5001/rachelableapp/us-central1/basicInfo)."}}
[info] 
┌─────────────────────────────────────────────────────────────┐
│ ✔  All emulators ready! It is now safe to connect your app. │
│ i  View Emulator UI at http://localhost:4000                │
└─────────────────────────────────────────────────────────────┘

┌───────────┬────────────────┬─────────────────────────────────┐
│ Emulator  │ Host:Port      │ View in Emulator UI             │
├───────────┼────────────────┼─────────────────────────────────┤
│ Functions │ localhost:5001 │ http://localhost:4000/functions │
└───────────┴────────────────┴─────────────────────────────────┘
  Emulator Hub running at localhost:4400
  Other reserved ports: 4500

Issues? Report them at https://github.com/firebase/firebase-tools/issues and attach the *-debug.log files.
 
[debug] [2021-05-20T00:56:36.697Z] [worker-~diagnostic~-f58955fb-86bc-4375-a908-cf5b085b6a1f]: IDLE {"metadata":{"emulator":{"name":"functions"},"message":"[worker-~diagnostic~-f58955fb-86bc-4375-a908-cf5b085b6a1f]: IDLE"}}
